0 info it worked if it ends with ok
1 verbose cli [ 'C:\\Program Files\\nodejs\\node.exe',
1 verbose cli   'C:\\Program Files\\nodejs\\node_modules\\npm\\bin\\npm-cli.js',
1 verbose cli   'login' ]
2 info using npm@3.7.3
3 info using node@v5.9.1
4 warn Username may not contain non-url-safe chars
5 verbose stack Error: canceled
5 verbose stack     at Interface.<anonymous> (C:\Program Files\nodejs\node_modules\npm\node_modules\read\lib\read.js:66:13)
5 verbose stack     at emitNone (events.js:80:13)
5 verbose stack     at Interface.emit (events.js:179:7)
5 verbose stack     at Interface._ttyWrite (readline.js:691:16)
5 verbose stack     at ReadStream.onkeypress (readline.js:106:10)
5 verbose stack     at emitTwo (events.js:100:13)
5 verbose stack     at ReadStream.emit (events.js:185:7)
5 verbose stack     at emitKeys (readline.js:1251:14)
5 verbose stack     at next (native)
5 verbose stack     at ReadStream.onData (readline.js:919:36)
6 verbose cwd D:\GitHub\pViddie
7 error Windows_NT 10.0.10240
8 error argv "C:\\Program Files\\nodejs\\node.exe" "C:\\Program Files\\nodejs\\node_modules\\npm\\bin\\npm-cli.js" "login"
9 error node v5.9.1
10 error npm  v3.7.3
11 error canceled
12 error If you need help, you may report this error at:
12 error     <https://github.com/npm/npm/issues>
13 verbose exit [ 1, true ]
